<?xml version="1.0" encoding="UTF-8"?>
<!-- Generated by org.testng.reporters.JUnitReportReporter -->
<testsuite hostname="pc4267" failures="0" tests="1" name="SeleniumFirstTest" time="0.008" errors="0" timestamp="2023-04-02T21:02:10 CEST" skipped="0">
  <testcase classname="SeleniumFirstTest" name="testFirst" time="0.008"/>
  <system-out/>
</testsuite> <!-- SeleniumFirstTest -->
